[2023-07-23 10:18:31,482][gold.train][INFO] - Instantiating datamodule <gold.data_module.cifar10_datamodule.CIFAR10DataModule>
[2023-07-23 10:18:31,487][gold.train][INFO] - Instantiating model <gold.models.vit_module_jit.VitLitModule>
[2023-07-23 10:18:31,685][gold.train][INFO] - Instantiating loggers...
[2023-07-23 10:18:31,686][gold.utils.utils][ERROR] - 
Traceback (most recent call last):
  File "/workspaces/session08-test/gold/utils/utils.py", line 65, in wrap
    metric_dict, object_dict = task_func(cfg=cfg)
  File "/workspaces/session08-test/gold/train.py", line 33, in train
    logger: List[Logger] = utils.instantiate_loggers(cfg.get("logger"))
AttributeError: module 'gold.utils' has no attribute 'instantiate_loggers'
[2023-07-23 10:18:31,690][gold.utils.utils][INFO] - Output dir: /workspaces/session08-test/logs/train/runs/2023-07-23_10-18-31
[2023-07-23 10:23:51,946][gold.train][INFO] - Instantiating datamodule <gold.data_module.cifar10_datamodule.CIFAR10DataModule>
[2023-07-23 10:23:51,951][gold.train][INFO] - Instantiating model <gold.models.vit_module_jit.VitLitModule>
[2023-07-23 10:23:51,969][gold.train][INFO] - Instantiating loggers...
[2023-07-23 10:23:51,970][gold.utils.instantiators][WARNING] - No logger configs found! Skipping...
[2023-07-23 10:23:51,970][gold.train][INFO] - Instantiating callbacks...
[2023-07-23 10:23:51,970][gold.utils.instantiators][INFO] - Instantiating callback <lightning.pytorch.callbacks.ModelCheckpoint>
[2023-07-23 10:23:51,976][gold.utils.instantiators][INFO] - Instantiating callback <lightning.pytorch.callbacks.EarlyStopping>
[2023-07-23 10:23:51,977][gold.utils.instantiators][INFO] - Instantiating callback <lightning.pytorch.callbacks.RichModelSummary>
[2023-07-23 10:23:51,978][gold.utils.instantiators][INFO] - Instantiating callback <lightning.pytorch.callbacks.RichProgressBar>
[2023-07-23 10:23:51,979][gold.train][INFO] - Instantiating trainer <lightning.pytorch.trainer.Trainer>
[2023-07-23 10:23:52,119][gold.train][INFO] - Starting training!
[2023-07-23 10:27:33,026][gold.train][INFO] - Scripting Model ...
[2023-07-23 10:27:34,709][gold.train][INFO] - Saving traced model to /workspaces/session08-test/logs/train/runs/2023-07-23_10-23-51/model.script.pt
[2023-07-23 10:27:34,709][gold.train][INFO] - Starting testing!
[2023-07-23 10:27:34,710][gold.train][WARNING] - Best ckpt not found! Using current weights for testing...
[2023-07-23 10:27:58,073][gold.train][INFO] - Best ckpt path: None
[2023-07-23 10:27:58,076][gold.utils.utils][INFO] - Output dir: /workspaces/session08-test/logs/train/runs/2023-07-23_10-23-51
[2023-07-23 10:27:58,077][gold.utils.utils][INFO] - Metric name is None! Skipping metric value retrieval...
[2023-07-23 10:48:50,376][gold.train][INFO] - Instantiating datamodule <gold.data_module.cifar10_datamodule.CIFAR10DataModule>
[2023-07-23 10:48:50,383][gold.train][INFO] - Instantiating model <gold.models.vit_module_jit.VitLitModule>
[2023-07-23 10:48:50,401][gold.train][INFO] - Instantiating loggers...
[2023-07-23 10:48:50,402][gold.utils.instantiators][WARNING] - No logger configs found! Skipping...
[2023-07-23 10:48:50,402][gold.train][INFO] - Instantiating callbacks...
[2023-07-23 10:48:50,403][gold.utils.instantiators][INFO] - Instantiating callback <lightning.pytorch.callbacks.ModelCheckpoint>
[2023-07-23 10:48:50,408][gold.utils.instantiators][INFO] - Instantiating callback <lightning.pytorch.callbacks.EarlyStopping>
[2023-07-23 10:48:50,409][gold.utils.instantiators][INFO] - Instantiating callback <lightning.pytorch.callbacks.RichModelSummary>
[2023-07-23 10:48:50,410][gold.utils.instantiators][INFO] - Instantiating callback <lightning.pytorch.callbacks.RichProgressBar>
[2023-07-23 10:48:50,411][gold.train][INFO] - Instantiating trainer <lightning.pytorch.trainer.Trainer>
[2023-07-23 10:48:50,543][gold.train][INFO] - Starting training!
[2023-07-23 10:52:29,719][gold.train][INFO] - Scripting Model ...
[2023-07-23 10:52:30,775][gold.train][INFO] - Saving traced model to ./model_ckpt//model_script.pt
[2023-07-23 10:52:30,775][gold.train][INFO] - Starting testing!
[2023-07-23 10:52:30,776][gold.train][WARNING] - Best ckpt not found! Using current weights for testing...
[2023-07-23 10:52:53,644][gold.train][INFO] - Best ckpt path: None
[2023-07-23 10:52:53,646][gold.utils.utils][INFO] - Output dir: /workspaces/session08-test/logs/train/runs/2023-07-23_10-48-50
[2023-07-23 10:52:53,647][gold.utils.utils][INFO] - Metric name is None! Skipping metric value retrieval...
[2023-07-23 11:29:26,740][gold.train][INFO] - Instantiating datamodule <gold.data_module.cifar10_datamodule.CIFAR10DataModule>
[2023-07-23 11:29:26,745][gold.train][INFO] - Instantiating model <gold.models.vit_module_jit.VitLitModule>
[2023-07-23 11:29:26,763][gold.train][INFO] - Instantiating loggers...
[2023-07-23 11:29:26,763][gold.utils.instantiators][WARNING] - No logger configs found! Skipping...
[2023-07-23 11:29:26,763][gold.train][INFO] - Instantiating callbacks...
[2023-07-23 11:29:26,764][gold.utils.instantiators][INFO] - Instantiating callback <lightning.pytorch.callbacks.ModelCheckpoint>
[2023-07-23 11:29:26,769][gold.utils.instantiators][INFO] - Instantiating callback <lightning.pytorch.callbacks.EarlyStopping>
[2023-07-23 11:29:26,770][gold.utils.instantiators][INFO] - Instantiating callback <lightning.pytorch.callbacks.RichModelSummary>
[2023-07-23 11:29:26,771][gold.utils.instantiators][INFO] - Instantiating callback <lightning.pytorch.callbacks.RichProgressBar>
[2023-07-23 11:29:26,772][gold.train][INFO] - Instantiating trainer <lightning.pytorch.trainer.Trainer>
[2023-07-23 11:29:26,904][gold.train][INFO] - Starting training!
[2023-07-23 11:32:03,879][gold.train][INFO] - Scripting Model ...
[2023-07-23 11:32:04,873][gold.train][INFO] - Saving traced model to ./model_ckpt//model_script.pt
[2023-07-23 11:32:04,873][gold.train][INFO] - Starting testing!
[2023-07-23 11:32:04,873][gold.train][WARNING] - Best ckpt not found! Using current weights for testing...
[2023-07-23 11:32:05,947][gold.train][INFO] - Best ckpt path: None
[2023-07-23 11:32:05,950][gold.utils.utils][INFO] - Output dir: /workspaces/session08-test/logs/train/runs/2023-07-23_11-29-26
[2023-07-23 11:32:05,951][gold.utils.utils][INFO] - Metric name is None! Skipping metric value retrieval...
[2023-07-23 11:33:32,382][gold.train][INFO] - Instantiating datamodule <gold.data_module.cifar10_datamodule.CIFAR10DataModule>
[2023-07-23 11:33:32,397][gold.train][INFO] - Instantiating model <gold.models.vit_module_jit.VitLitModule>
[2023-07-23 11:33:32,415][gold.train][INFO] - Instantiating loggers...
[2023-07-23 11:33:32,416][gold.utils.instantiators][WARNING] - No logger configs found! Skipping...
[2023-07-23 11:33:32,416][gold.train][INFO] - Instantiating callbacks...
[2023-07-23 11:33:32,417][gold.utils.instantiators][INFO] - Instantiating callback <lightning.pytorch.callbacks.ModelCheckpoint>
[2023-07-23 11:33:32,422][gold.utils.instantiators][INFO] - Instantiating callback <lightning.pytorch.callbacks.EarlyStopping>
[2023-07-23 11:33:32,424][gold.utils.instantiators][INFO] - Instantiating callback <lightning.pytorch.callbacks.RichModelSummary>
[2023-07-23 11:33:32,425][gold.utils.instantiators][INFO] - Instantiating callback <lightning.pytorch.callbacks.RichProgressBar>
[2023-07-23 11:33:32,426][gold.train][INFO] - Instantiating trainer <lightning.pytorch.trainer.Trainer>
[2023-07-23 11:33:32,555][gold.train][INFO] - Starting training!
[2023-07-23 11:36:56,979][gold.train][INFO] - Scripting Model ...
[2023-07-23 11:36:57,935][gold.utils.utils][INFO] - Output dir: /workspaces/session08-test/logs/train/runs/2023-07-23_11-33-32
[2023-07-23 11:38:05,341][gold.train][INFO] - Instantiating datamodule <gold.data_module.cifar10_datamodule.CIFAR10DataModule>
[2023-07-23 11:38:05,346][gold.train][INFO] - Instantiating model <gold.models.vit_module_jit.VitLitModule>
[2023-07-23 11:38:05,365][gold.train][INFO] - Instantiating loggers...
[2023-07-23 11:38:05,365][gold.utils.instantiators][WARNING] - No logger configs found! Skipping...
[2023-07-23 11:38:05,365][gold.train][INFO] - Instantiating callbacks...
[2023-07-23 11:38:05,366][gold.utils.instantiators][INFO] - Instantiating callback <lightning.pytorch.callbacks.ModelCheckpoint>
[2023-07-23 11:38:05,372][gold.utils.instantiators][INFO] - Instantiating callback <lightning.pytorch.callbacks.EarlyStopping>
[2023-07-23 11:38:05,373][gold.utils.instantiators][INFO] - Instantiating callback <lightning.pytorch.callbacks.RichModelSummary>
[2023-07-23 11:38:05,374][gold.utils.instantiators][INFO] - Instantiating callback <lightning.pytorch.callbacks.RichProgressBar>
[2023-07-23 11:38:05,376][gold.train][INFO] - Instantiating trainer <lightning.pytorch.trainer.Trainer>
[2023-07-23 11:38:05,503][gold.train][INFO] - Starting training!
[2023-07-23 11:41:35,651][gold.train][INFO] - Scripting Model ...
[2023-07-23 11:41:36,702][gold.train][INFO] - Saving traced model to ./model_ckpt/cifar_model_script.pt
[2023-07-23 11:41:36,703][gold.train][INFO] - Starting testing!
[2023-07-23 11:41:36,703][gold.train][WARNING] - Best ckpt not found! Using current weights for testing...
[2023-07-23 11:41:58,774][gold.train][INFO] - Best ckpt path: None
[2023-07-23 11:41:58,777][gold.utils.utils][INFO] - Output dir: /workspaces/session08-test/logs/train/runs/2023-07-23_11-38-05
[2023-07-23 11:41:58,777][gold.utils.utils][INFO] - Metric name is None! Skipping metric value retrieval...
[2023-07-23 11:48:01,454][gold.train][INFO] - Instantiating datamodule <gold.data_module.cifar10_datamodule.CIFAR10DataModule>
[2023-07-23 11:48:01,459][gold.train][INFO] - Instantiating model <gold.models.vit_module_jit.VitLitModule>
[2023-07-23 11:48:01,477][gold.train][INFO] - Instantiating loggers...
[2023-07-23 11:48:01,478][gold.utils.instantiators][WARNING] - No logger configs found! Skipping...
[2023-07-23 11:48:01,478][gold.train][INFO] - Instantiating callbacks...
[2023-07-23 11:48:01,478][gold.utils.instantiators][INFO] - Instantiating callback <lightning.pytorch.callbacks.ModelCheckpoint>
[2023-07-23 11:48:01,483][gold.utils.instantiators][INFO] - Instantiating callback <lightning.pytorch.callbacks.EarlyStopping>
[2023-07-23 11:48:01,485][gold.utils.instantiators][INFO] - Instantiating callback <lightning.pytorch.callbacks.RichModelSummary>
[2023-07-23 11:48:01,486][gold.utils.instantiators][INFO] - Instantiating callback <lightning.pytorch.callbacks.RichProgressBar>
[2023-07-23 11:48:01,487][gold.train][INFO] - Instantiating trainer <lightning.pytorch.trainer.Trainer>
[2023-07-23 11:48:01,699][gold.train][INFO] - Starting training!
[2023-07-23 12:05:47,849][gold.train][INFO] - Scripting Model ...
[2023-07-23 12:05:48,875][gold.train][INFO] - Saving traced model to ./model_ckpt/cifar_model_script.pt
[2023-07-23 12:05:48,876][gold.train][INFO] - Starting testing!
[2023-07-23 12:05:48,876][gold.train][WARNING] - Best ckpt not found! Using current weights for testing...
[2023-07-23 12:06:11,140][gold.train][INFO] - Best ckpt path: None
[2023-07-23 12:06:11,143][gold.utils.utils][INFO] - Output dir: /workspaces/session08-test/logs/train/runs/2023-07-23_11-48-01
[2023-07-23 12:06:11,144][gold.utils.utils][INFO] - Metric name is None! Skipping metric value retrieval...
[2023-07-23 12:17:34,949][gold.train][INFO] - Instantiating datamodule <gold.data_module.cifar10_datamodule.CIFAR10DataModule>
[2023-07-23 12:17:34,954][gold.train][INFO] - Instantiating model <gold.models.vit_module_jit.VitLitModule>
[2023-07-23 12:17:34,972][gold.train][INFO] - Instantiating loggers...
[2023-07-23 12:17:34,973][gold.utils.instantiators][WARNING] - No logger configs found! Skipping...
[2023-07-23 12:17:34,973][gold.train][INFO] - Instantiating callbacks...
[2023-07-23 12:17:34,974][gold.utils.instantiators][INFO] - Instantiating callback <lightning.pytorch.callbacks.ModelCheckpoint>
[2023-07-23 12:17:34,979][gold.utils.instantiators][INFO] - Instantiating callback <lightning.pytorch.callbacks.EarlyStopping>
[2023-07-23 12:17:34,980][gold.utils.instantiators][INFO] - Instantiating callback <lightning.pytorch.callbacks.RichModelSummary>
[2023-07-23 12:17:34,981][gold.utils.instantiators][INFO] - Instantiating callback <lightning.pytorch.callbacks.RichProgressBar>
[2023-07-23 12:17:34,982][gold.train][INFO] - Instantiating trainer <lightning.pytorch.trainer.Trainer>
[2023-07-23 12:17:35,113][gold.train][INFO] - Starting training!
[2023-07-23 12:34:40,144][gold.train][INFO] - Scripting Model ...
[2023-07-23 12:34:41,187][gold.train][INFO] - Saving traced model to ./model_ckpt/cifar_model_script.pt
[2023-07-23 12:34:41,188][gold.train][INFO] - Starting testing!
[2023-07-23 12:34:41,188][gold.train][WARNING] - Best ckpt not found! Using current weights for testing...
[2023-07-23 12:35:03,132][gold.train][INFO] - Best ckpt path: None
[2023-07-23 12:35:03,134][gold.utils.utils][INFO] - Output dir: /workspaces/session08-test/logs/train/runs/2023-07-23_12-17-34
[2023-07-23 12:35:03,135][gold.utils.utils][INFO] - Metric name is None! Skipping metric value retrieval...
