[2023-07-22 20:28:35,419][__main__][INFO] - Running Demo
[2023-07-22 20:28:35,421][__main__][INFO] - Instantiating scripted model <./ckpt/model.script.pt>
[2023-07-22 20:28:35,581][__main__][INFO] - Loaded Model: RecursiveScriptModule(
  original_name=VitLitModule
  (model): RecursiveScriptModule(
    original_name=ViT
    (0): RecursiveScriptModule(
      original_name=PatchEmbedding
      (projection): RecursiveScriptModule(
        original_name=Sequential
        (0): RecursiveScriptModule(original_name=Rearrange)
        (1): RecursiveScriptModule(original_name=Linear)
      )
    )
    (1): RecursiveScriptModule(
      original_name=TransformerEncoder
      (0): RecursiveScriptModule(
        original_name=TransformerEncoderBlock
        (0): RecursiveScriptModule(
          original_name=ResidualAdd
          (fn): RecursiveScriptModule(
            original_name=Sequential
            (0): RecursiveScriptModule(original_name=LayerNorm)
            (1): RecursiveScriptModule(
              original_name=MultiHeadAttention
              (query): RecursiveScriptModule(original_name=Linear)
              (key): RecursiveScriptModule(original_name=Linear)
              (value): RecursiveScriptModule(original_name=Linear)
              (projection): RecursiveScriptModule(original_name=Linear)
              (attn_dropout): RecursiveScriptModule(original_name=Dropout)
              (rearrange_heads): RecursiveScriptModule(original_name=Rearrange)
              (rearrange_out): RecursiveScriptModule(original_name=Rearrange)
            )
            (2): RecursiveScriptModule(original_name=Dropout)
          )
        )
        (1): RecursiveScriptModule(
          original_name=ResidualAdd
          (fn): RecursiveScriptModule(
            original_name=Sequential
            (0): RecursiveScriptModule(original_name=LayerNorm)
            (1): RecursiveScriptModule(
              original_name=Sequential
              (0): RecursiveScriptModule(original_name=Linear)
              (1): RecursiveScriptModule(original_name=GELU)
              (2): RecursiveScriptModule(original_name=Dropout)
              (3): RecursiveScriptModule(original_name=Linear)
            )
            (2): RecursiveScriptModule(original_name=Dropout)
          )
        )
      )
      (1): RecursiveScriptModule(
        original_name=TransformerEncoderBlock
        (0): RecursiveScriptModule(
          original_name=ResidualAdd
          (fn): RecursiveScriptModule(
            original_name=Sequential
            (0): RecursiveScriptModule(original_name=LayerNorm)
            (1): RecursiveScriptModule(
              original_name=MultiHeadAttention
              (query): RecursiveScriptModule(original_name=Linear)
              (key): RecursiveScriptModule(original_name=Linear)
              (value): RecursiveScriptModule(original_name=Linear)
              (projection): RecursiveScriptModule(original_name=Linear)
              (attn_dropout): RecursiveScriptModule(original_name=Dropout)
              (rearrange_heads): RecursiveScriptModule(original_name=Rearrange)
              (rearrange_out): RecursiveScriptModule(original_name=Rearrange)
            )
            (2): RecursiveScriptModule(original_name=Dropout)
          )
        )
        (1): RecursiveScriptModule(
          original_name=ResidualAdd
          (fn): RecursiveScriptModule(
            original_name=Sequential
            (0): RecursiveScriptModule(original_name=LayerNorm)
            (1): RecursiveScriptModule(
              original_name=Sequential
              (0): RecursiveScriptModule(original_name=Linear)
              (1): RecursiveScriptModule(original_name=GELU)
              (2): RecursiveScriptModule(original_name=Dropout)
              (3): RecursiveScriptModule(original_name=Linear)
            )
            (2): RecursiveScriptModule(original_name=Dropout)
          )
        )
      )
      (2): RecursiveScriptModule(
        original_name=TransformerEncoderBlock
        (0): RecursiveScriptModule(
          original_name=ResidualAdd
          (fn): RecursiveScriptModule(
            original_name=Sequential
            (0): RecursiveScriptModule(original_name=LayerNorm)
            (1): RecursiveScriptModule(
              original_name=MultiHeadAttention
              (query): RecursiveScriptModule(original_name=Linear)
              (key): RecursiveScriptModule(original_name=Linear)
              (value): RecursiveScriptModule(original_name=Linear)
              (projection): RecursiveScriptModule(original_name=Linear)
              (attn_dropout): RecursiveScriptModule(original_name=Dropout)
              (rearrange_heads): RecursiveScriptModule(original_name=Rearrange)
              (rearrange_out): RecursiveScriptModule(original_name=Rearrange)
            )
            (2): RecursiveScriptModule(original_name=Dropout)
          )
        )
        (1): RecursiveScriptModule(
          original_name=ResidualAdd
          (fn): RecursiveScriptModule(
            original_name=Sequential
            (0): RecursiveScriptModule(original_name=LayerNorm)
            (1): RecursiveScriptModule(
              original_name=Sequential
              (0): RecursiveScriptModule(original_name=Linear)
              (1): RecursiveScriptModule(original_name=GELU)
              (2): RecursiveScriptModule(original_name=Dropout)
              (3): RecursiveScriptModule(original_name=Linear)
            )
            (2): RecursiveScriptModule(original_name=Dropout)
          )
        )
      )
      (3): RecursiveScriptModule(
        original_name=TransformerEncoderBlock
        (0): RecursiveScriptModule(
          original_name=ResidualAdd
          (fn): RecursiveScriptModule(
            original_name=Sequential
            (0): RecursiveScriptModule(original_name=LayerNorm)
            (1): RecursiveScriptModule(
              original_name=MultiHeadAttention
              (query): RecursiveScriptModule(original_name=Linear)
              (key): RecursiveScriptModule(original_name=Linear)
              (value): RecursiveScriptModule(original_name=Linear)
              (projection): RecursiveScriptModule(original_name=Linear)
              (attn_dropout): RecursiveScriptModule(original_name=Dropout)
              (rearrange_heads): RecursiveScriptModule(original_name=Rearrange)
              (rearrange_out): RecursiveScriptModule(original_name=Rearrange)
            )
            (2): RecursiveScriptModule(original_name=Dropout)
          )
        )
        (1): RecursiveScriptModule(
          original_name=ResidualAdd
          (fn): RecursiveScriptModule(
            original_name=Sequential
            (0): RecursiveScriptModule(original_name=LayerNorm)
            (1): RecursiveScriptModule(
              original_name=Sequential
              (0): RecursiveScriptModule(original_name=Linear)
              (1): RecursiveScriptModule(original_name=GELU)
              (2): RecursiveScriptModule(original_name=Dropout)
              (3): RecursiveScriptModule(original_name=Linear)
            )
            (2): RecursiveScriptModule(original_name=Dropout)
          )
        )
      )
      (4): RecursiveScriptModule(
        original_name=TransformerEncoderBlock
        (0): RecursiveScriptModule(
          original_name=ResidualAdd
          (fn): RecursiveScriptModule(
            original_name=Sequential
            (0): RecursiveScriptModule(original_name=LayerNorm)
            (1): RecursiveScriptModule(
              original_name=MultiHeadAttention
              (query): RecursiveScriptModule(original_name=Linear)
              (key): RecursiveScriptModule(original_name=Linear)
              (value): RecursiveScriptModule(original_name=Linear)
              (projection): RecursiveScriptModule(original_name=Linear)
              (attn_dropout): RecursiveScriptModule(original_name=Dropout)
              (rearrange_heads): RecursiveScriptModule(original_name=Rearrange)
              (rearrange_out): RecursiveScriptModule(original_name=Rearrange)
            )
            (2): RecursiveScriptModule(original_name=Dropout)
          )
        )
        (1): RecursiveScriptModule(
          original_name=ResidualAdd
          (fn): RecursiveScriptModule(
            original_name=Sequential
            (0): RecursiveScriptModule(original_name=LayerNorm)
            (1): RecursiveScriptModule(
              original_name=Sequential
              (0): RecursiveScriptModule(original_name=Linear)
              (1): RecursiveScriptModule(original_name=GELU)
              (2): RecursiveScriptModule(original_name=Dropout)
              (3): RecursiveScriptModule(original_name=Linear)
            )
            (2): RecursiveScriptModule(original_name=Dropout)
          )
        )
      )
      (5): RecursiveScriptModule(
        original_name=TransformerEncoderBlock
        (0): RecursiveScriptModule(
          original_name=ResidualAdd
          (fn): RecursiveScriptModule(
            original_name=Sequential
            (0): RecursiveScriptModule(original_name=LayerNorm)
            (1): RecursiveScriptModule(
              original_name=MultiHeadAttention
              (query): RecursiveScriptModule(original_name=Linear)
              (key): RecursiveScriptModule(original_name=Linear)
              (value): RecursiveScriptModule(original_name=Linear)
              (projection): RecursiveScriptModule(original_name=Linear)
              (attn_dropout): RecursiveScriptModule(original_name=Dropout)
              (rearrange_heads): RecursiveScriptModule(original_name=Rearrange)
              (rearrange_out): RecursiveScriptModule(original_name=Rearrange)
            )
            (2): RecursiveScriptModule(original_name=Dropout)
          )
        )
        (1): RecursiveScriptModule(
          original_name=ResidualAdd
          (fn): RecursiveScriptModule(
            original_name=Sequential
            (0): RecursiveScriptModule(original_name=LayerNorm)
            (1): RecursiveScriptModule(
              original_name=Sequential
              (0): RecursiveScriptModule(original_name=Linear)
              (1): RecursiveScriptModule(original_name=GELU)
              (2): RecursiveScriptModule(original_name=Dropout)
              (3): RecursiveScriptModule(original_name=Linear)
            )
            (2): RecursiveScriptModule(original_name=Dropout)
          )
        )
      )
    )
    (2): RecursiveScriptModule(
      original_name=ClassificationHead
      (0): RecursiveScriptModule(original_name=Reduce)
      (1): RecursiveScriptModule(original_name=LayerNorm)
      (2): RecursiveScriptModule(original_name=Linear)
    )
  )
  (criterion): RecursiveScriptModule(original_name=CrossEntropyLoss)
  (train_acc): RecursiveScriptModule(original_name=MulticlassAccuracy)
  (val_acc): RecursiveScriptModule(original_name=MulticlassAccuracy)
  (test_acc): RecursiveScriptModule(original_name=MulticlassAccuracy)
  (train_loss): RecursiveScriptModule(original_name=MeanMetric)
  (val_loss): RecursiveScriptModule(original_name=MeanMetric)
  (test_loss): RecursiveScriptModule(original_name=MeanMetric)
  (val_acc_best): RecursiveScriptModule(original_name=MaxMetric)
)
